  Settler.cpp
  Map.cpp
c:\users\william\documents\asu\indstudy\runningtimeestimator\settlerprogram\settlerabm\settlerabm\gatherer.h(18): error C3646: 'location': unknown override specifier
c:\users\william\documents\asu\indstudy\runningtimeestimator\settlerprogram\settlerabm\settlerabm\gatherer.h(18): error C4430: missing type specifier - int assumed. Note: C++ does not support default-int
c:\users\william\documents\asu\indstudy\runningtimeestimator\settlerprogram\settlerabm\settlerabm\gatherer.h(20): error C3646: 'isSettled': unknown override specifier
c:\users\william\documents\asu\indstudy\runningtimeestimator\settlerprogram\settlerabm\settlerabm\gatherer.h(20): error C4430: missing type specifier - int assumed. Note: C++ does not support default-int
c:\users\william\documents\asu\indstudy\runningtimeestimator\settlerprogram\settlerabm\settlerabm\gatherer.h(26): error C3646: 'destination': unknown override specifier
c:\users\william\documents\asu\indstudy\runningtimeestimator\settlerprogram\settlerabm\settlerabm\gatherer.h(26): error C4430: missing type specifier - int assumed. Note: C++ does not support default-int
c:\users\william\documents\asu\indstudy\runningtimeestimator\settlerprogram\settlerabm\settlerabm\gatherer.h(28): error C3646: 'cell': unknown override specifier
c:\users\william\documents\asu\indstudy\runningtimeestimator\settlerprogram\settlerabm\settlerabm\gatherer.h(28): error C4430: missing type specifier - int assumed. Note: C++ does not support default-int
c:\users\william\documents\asu\indstudy\runningtimeestimator\settlerprogram\settlerabm\settlerabm\gatherer.h(29): error C3646: 'map': unknown override specifier
c:\users\william\documents\asu\indstudy\runningtimeestimator\settlerprogram\settlerabm\settlerabm\gatherer.h(29): error C4430: missing type specifier - int assumed. Note: C++ does not support default-int
c:\users\william\documents\asu\indstudy\runningtimeestimator\settlerprogram\settlerabm\settlerabm\gatherer.h(32): error C3646: 'find_best_place': unknown override specifier
c:\users\william\documents\asu\indstudy\runningtimeestimator\settlerprogram\settlerabm\settlerabm\gatherer.h(32): error C2059: syntax error: '('
c:\users\william\documents\asu\indstudy\runningtimeestimator\settlerprogram\settlerabm\settlerabm\gatherer.h(32): error C2238: unexpected token(s) preceding ';'
c:\users\william\documents\asu\indstudy\runningtimeestimator\settlerprogram\settlerabm\settlerabm\gatherer.h(34): error C2061: syntax error: identifier 'Cell'
c:\users\william\documents\asu\indstudy\runningtimeestimator\settlerprogram\settlerabm\settlerabm\gatherer.h(34): error C4430: missing type specifier - int assumed. Note: C++ does not support default-int
c:\users\william\documents\asu\indstudy\runningtimeestimator\settlerprogram\settlerabm\settlerabm\gatherer.h(34): warning C4183: 'move_to_cell': missing return type; assumed to be a member function returning 'int'
c:\users\william\documents\asu\indstudy\runningtimeestimator\settlerprogram\settlerabm\settlerabm\map.cpp(16): error C2440: 'return': cannot convert from 'int' to 'Cell'
  c:\users\william\documents\asu\indstudy\runningtimeestimator\settlerprogram\settlerabm\settlerabm\map.cpp(16): note: No constructor could take the source type, or constructor overload resolution was ambiguous
  Gatherer.cpp
c:\users\william\documents\asu\indstudy\runningtimeestimator\settlerprogram\settlerabm\settlerabm\cell.h(15): error C3646: 'owner': unknown override specifier
c:\users\william\documents\asu\indstudy\runningtimeestimator\settlerprogram\settlerabm\settlerabm\cell.h(15): error C4430: missing type specifier - int assumed. Note: C++ does not support default-int
c:\users\william\documents\asu\indstudy\runningtimeestimator\settlerprogram\settlerabm\settlerabm\cell.h(26): error C2061: syntax error: identifier 'Gatherer'
c:\users\william\documents\asu\indstudy\runningtimeestimator\settlerprogram\settlerabm\settlerabm\gatherer.h(20): error C3646: 'isSettled': unknown override specifier
c:\users\william\documents\asu\indstudy\runningtimeestimator\settlerprogram\settlerabm\settlerabm\gatherer.h(20): error C4430: missing type specifier - int assumed. Note: C++ does not support default-int
c:\users\william\documents\asu\indstudy\runningtimeestimator\settlerprogram\settlerabm\settlerabm\gatherer.h(34): error C4430: missing type specifier - int assumed. Note: C++ does not support default-int
c:\users\william\documents\asu\indstudy\runningtimeestimator\settlerprogram\settlerabm\settlerabm\gatherer.h(34): warning C4183: 'move_to_cell': missing return type; assumed to be a member function returning 'int'
c:\users\william\documents\asu\indstudy\runningtimeestimator\settlerprogram\settlerabm\settlerabm\gatherer.cpp(12): error C2440: 'return': cannot convert from 'int' to 'Cell'
  c:\users\william\documents\asu\indstudy\runningtimeestimator\settlerprogram\settlerabm\settlerabm\gatherer.cpp(12): note: No constructor could take the source type, or constructor overload resolution was ambiguous
c:\users\william\documents\asu\indstudy\runningtimeestimator\settlerprogram\settlerabm\settlerabm\gatherer.cpp(16): error C4430: missing type specifier - int assumed. Note: C++ does not support default-int
  Cell.cpp
c:\users\william\documents\asu\indstudy\runningtimeestimator\settlerprogram\settlerabm\settlerabm\map.h(23): error C3646: 'best_visible_cell': unknown override specifier
c:\users\william\documents\asu\indstudy\runningtimeestimator\settlerprogram\settlerabm\settlerabm\map.h(23): error C2059: syntax error: '('
c:\users\william\documents\asu\indstudy\runningtimeestimator\settlerprogram\settlerabm\settlerabm\map.h(23): error C2238: unexpected token(s) preceding ';'
c:\users\william\documents\asu\indstudy\runningtimeestimator\settlerprogram\settlerabm\settlerabm\gatherer.h(18): error C3646: 'location': unknown override specifier
c:\users\william\documents\asu\indstudy\runningtimeestimator\settlerprogram\settlerabm\settlerabm\gatherer.h(18): error C4430: missing type specifier - int assumed. Note: C++ does not support default-int
c:\users\william\documents\asu\indstudy\runningtimeestimator\settlerprogram\settlerabm\settlerabm\gatherer.h(20): error C3646: 'isSettled': unknown override specifier
c:\users\william\documents\asu\indstudy\runningtimeestimator\settlerprogram\settlerabm\settlerabm\gatherer.h(20): error C4430: missing type specifier - int assumed. Note: C++ does not support default-int
c:\users\william\documents\asu\indstudy\runningtimeestimator\settlerprogram\settlerabm\settlerabm\gatherer.h(26): error C3646: 'destination': unknown override specifier
c:\users\william\documents\asu\indstudy\runningtimeestimator\settlerprogram\settlerabm\settlerabm\gatherer.h(26): error C4430: missing type specifier - int assumed. Note: C++ does not support default-int
c:\users\william\documents\asu\indstudy\runningtimeestimator\settlerprogram\settlerabm\settlerabm\gatherer.h(28): error C3646: 'cell': unknown override specifier
c:\users\william\documents\asu\indstudy\runningtimeestimator\settlerprogram\settlerabm\settlerabm\gatherer.h(28): error C4430: missing type specifier - int assumed. Note: C++ does not support default-int
c:\users\william\documents\asu\indstudy\runningtimeestimator\settlerprogram\settlerabm\settlerabm\gatherer.h(32): error C3646: 'find_best_place': unknown override specifier
c:\users\william\documents\asu\indstudy\runningtimeestimator\settlerprogram\settlerabm\settlerabm\gatherer.h(32): error C2059: syntax error: '('
c:\users\william\documents\asu\indstudy\runningtimeestimator\settlerprogram\settlerabm\settlerabm\gatherer.h(32): error C2238: unexpected token(s) preceding ';'
c:\users\william\documents\asu\indstudy\runningtimeestimator\settlerprogram\settlerabm\settlerabm\gatherer.h(34): error C2061: syntax error: identifier 'Cell'
c:\users\william\documents\asu\indstudy\runningtimeestimator\settlerprogram\settlerabm\settlerabm\gatherer.h(34): error C4430: missing type specifier - int assumed. Note: C++ does not support default-int
c:\users\william\documents\asu\indstudy\runningtimeestimator\settlerprogram\settlerabm\settlerabm\gatherer.h(34): warning C4183: 'move_to_cell': missing return type; assumed to be a member function returning 'int'
c:\users\william\documents\asu\indstudy\runningtimeestimator\settlerprogram\settlerabm\settlerabm\cell.cpp(12): error C2676: binary '==': 'Gatherer' does not define this operator or a conversion to a type acceptable to the predefined operator
  Generating Code...
